<?xml version="1.0" encoding="UTF-8"?>
<testsuite name="com.cognizant.commentcrud.service.CommentServiceTest" tests="2" skipped="0" failures="0" errors="0" timestamp="2021-07-22T16:24:20" hostname="LTUS149728" time="0.082">
  <properties/>
  <testcase name="shouldReturnCreatedCommentOnPostRequest()" classname="com.cognizant.commentcrud.service.CommentServiceTest" time="0.065"/>
  <testcase name="shouldReturnPageWithFiveCommentsWhenGivenPostIdOf1()" classname="com.cognizant.commentcrud.service.CommentServiceTest" time="0.014"/>
  <system-out><![CDATA[2021-07-22 11:24:20.668  INFO 21516 --- [    Test worker] .b.t.c.SpringBootTestContextBootstrapper : Neither @ContextConfiguration nor @ContextHierarchy found for test class [com.cognizant.commentcrud.service.CommentServiceTest], using SpringBootContextLoader
2021-07-22 11:24:20.669  INFO 21516 --- [    Test worker] o.s.t.c.support.AbstractContextLoader    : Could not detect default resource locations for test class [com.cognizant.commentcrud.service.CommentServiceTest]: no resource found for suffixes {-context.xml, Context.groovy}.
2021-07-22 11:24:20.670  INFO 21516 --- [    Test worker] t.c.s.AnnotationConfigContextLoaderUtils : Could not detect default configuration classes for test class [com.cognizant.commentcrud.service.CommentServiceTest]: CommentServiceTest does not declare any static, non-private, non-final, nested classes annotated with @Configuration.
2021-07-22 11:24:20.687  INFO 21516 --- [    Test worker] .b.t.c.SpringBootTestContextBootstrapper : Found @SpringBootConfiguration com.cognizant.commentcrud.CommentCrudApplication for test class com.cognizant.commentcrud.service.CommentServiceTest
2021-07-22 11:24:20.691  INFO 21516 --- [    Test worker] .b.t.c.SpringBootTestContextBootstrapper : Loaded default TestExecutionListener class names from location [META-INF/spring.factories]: [org.springframework.security.test.context.support.WithSecurityContextTestExecutionListener, org.springframework.security.test.context.support.ReactorContextTestExecutionListener, org.springframework.boot.test.autoconfigure.restdocs.RestDocsTestExecutionListener, org.springframework.boot.test.autoconfigure.web.client.MockRestServiceServerResetTestExecutionListener, org.springframework.boot.test.autoconfigure.web.servlet.MockMvcPrintOnlyOnFailureTestExecutionListener, org.springframework.boot.test.autoconfigure.web.servlet.WebDriverTestExecutionListener, org.springframework.boot.test.autoconfigure.webservices.client.MockWebServiceServerTestExecutionListener, org.springframework.boot.test.mock.mockito.MockitoTestExecutionListener, org.springframework.boot.test.mock.mockito.ResetMocksTestExecutionListener, org.springframework.test.context.web.ServletTestExecutionListener, org.springframework.test.context.support.DirtiesContextBeforeModesTestExecutionListener, org.springframework.test.context.event.ApplicationEventsTestExecutionListener, org.springframework.test.context.support.DependencyInjectionTestExecutionListener, org.springframework.test.context.support.DirtiesContextTestExecutionListener, org.springframework.test.context.transaction.TransactionalTestExecutionListener, org.springframework.test.context.jdbc.SqlScriptsTestExecutionListener, org.springframework.test.context.event.EventPublishingTestExecutionListener]
2021-07-22 11:24:20.693  INFO 21516 --- [    Test worker] .b.t.c.SpringBootTestContextBootstrapper : Using TestExecutionListeners: [org.springframework.test.context.web.ServletTestExecutionListener@28d605a4, org.springframework.test.context.support.DirtiesContextBeforeModesTestExecutionListener@2ded9b5b, org.springframework.test.context.event.ApplicationEventsTestExecutionListener@2f2c9dc8, org.springframework.boot.test.mock.mockito.MockitoTestExecutionListener@38016ab8, org.springframework.boot.test.autoconfigure.SpringBootDependencyInjectionTestExecutionListener@20e2a339, org.springframework.test.context.support.DirtiesContextTestExecutionListener@6114c33d, org.springframework.test.context.transaction.TransactionalTestExecutionListener@2a9dd00a, org.springframework.test.context.jdbc.SqlScriptsTestExecutionListener@197a2b4b, org.springframework.security.test.context.support.WithSecurityContextTestExecutionListener@2c34a836, org.springframework.test.context.event.EventPublishingTestExecutionListener@6bfe8ba6, org.springframework.security.test.context.support.ReactorContextTestExecutionListener@2f270b53, org.springframework.boot.test.autoconfigure.restdocs.RestDocsTestExecutionListener@674f5d8f, org.springframework.boot.test.autoconfigure.web.client.MockRestServiceServerResetTestExecutionListener@6eb33c48, org.springframework.boot.test.autoconfigure.web.servlet.MockMvcPrintOnlyOnFailureTestExecutionListener@710f3983, org.springframework.boot.test.autoconfigure.web.servlet.WebDriverTestExecutionListener@6665c962, org.springframework.boot.test.autoconfigure.webservices.client.MockWebServiceServerTestExecutionListener@7bdb5304, org.springframework.boot.test.mock.mockito.ResetMocksTestExecutionListener@cfd614b]
]]></system-out>
  <system-err><![CDATA[]]></system-err>
</testsuite>
