<?xml version="1.0" encoding="UTF-8"?>
<testsuite name="com.cognizant.commentcrud.CommentCrudApplicationTests" tests="1" skipped="0" failures="0" errors="0" timestamp="2021-07-22T16:24:17" hostname="LTUS149728" time="0.301">
  <properties/>
  <testcase name="contextLoads()" classname="com.cognizant.commentcrud.CommentCrudApplicationTests" time="0.301"/>
  <system-out><![CDATA[11:23:57.897 [Test worker] DEBUG org.springframework.test.context.BootstrapUtils - Instantiating CacheAwareContextLoaderDelegate from class [org.springframework.test.context.cache.DefaultCacheAwareContextLoaderDelegate]
11:23:58.065 [Test worker] DEBUG org.springframework.test.context.BootstrapUtils - Instantiating BootstrapContext using constructor [public org.springframework.test.context.support.DefaultBootstrapContext(java.lang.Class,org.springframework.test.context.CacheAwareContextLoaderDelegate)]
11:23:58.305 [Test worker] DEBUG org.springframework.test.context.BootstrapUtils - Instantiating TestContextBootstrapper for test class [com.cognizant.commentcrud.CommentCrudApplicationTests] from class [org.springframework.boot.test.context.SpringBootTestContextBootstrapper]
11:23:58.386 [Test worker] INFO org.springframework.boot.test.context.SpringBootTestContextBootstrapper - Neither @ContextConfiguration nor @ContextHierarchy found for test class [com.cognizant.commentcrud.CommentCrudApplicationTests], using SpringBootContextLoader
11:23:58.414 [Test worker] DEBUG org.springframework.test.context.support.AbstractContextLoader - Did not detect default resource location for test class [com.cognizant.commentcrud.CommentCrudApplicationTests]: class path resource [com/cognizant/commentcrud/CommentCrudApplicationTests-context.xml] does not exist
11:23:58.416 [Test worker] DEBUG org.springframework.test.context.support.AbstractContextLoader - Did not detect default resource location for test class [com.cognizant.commentcrud.CommentCrudApplicationTests]: class path resource [com/cognizant/commentcrud/CommentCrudApplicationTestsContext.groovy] does not exist
11:23:58.417 [Test worker] INFO org.springframework.test.context.support.AbstractContextLoader - Could not detect default resource locations for test class [com.cognizant.commentcrud.CommentCrudApplicationTests]: no resource found for suffixes {-context.xml, Context.groovy}.
11:23:58.426 [Test worker] INFO org.springframework.test.context.support.AnnotationConfigContextLoaderUtils - Could not detect default configuration classes for test class [com.cognizant.commentcrud.CommentCrudApplicationTests]: CommentCrudApplicationTests does not declare any static, non-private, non-final, nested classes annotated with @Configuration.
11:23:58.682 [Test worker] DEBUG org.springframework.test.context.support.ActiveProfilesUtils - Could not find an 'annotation declaring class' for annotation type [org.springframework.test.context.ActiveProfiles] and class [com.cognizant.commentcrud.CommentCrudApplicationTests]
11:23:59.032 [Test worker] DEBUG org.springframework.context.annotation.ClassPathScanningCandidateComponentProvider - Identified candidate component class: file [C:\Users\950413\OneDrive - Cognizant\Desktop\Enablement\comment-crud\build\classes\java\main\com\cognizant\commentcrud\CommentCrudApplication.class]
11:23:59.042 [Test worker] INFO org.springframework.boot.test.context.SpringBootTestContextBootstrapper - Found @SpringBootConfiguration com.cognizant.commentcrud.CommentCrudApplication for test class com.cognizant.commentcrud.CommentCrudApplicationTests
11:23:59.652 [Test worker] DEBUG org.springframework.boot.test.context.SpringBootTestContextBootstrapper - @TestExecutionListeners is not present for class [com.cognizant.commentcrud.CommentCrudApplicationTests]: using defaults.
11:23:59.654 [Test worker] INFO org.springframework.boot.test.context.SpringBootTestContextBootstrapper - Loaded default TestExecutionListener class names from location [META-INF/spring.factories]: [org.springframework.security.test.context.support.WithSecurityContextTestExecutionListener, org.springframework.security.test.context.support.ReactorContextTestExecutionListener, org.springframework.boot.test.autoconfigure.restdocs.RestDocsTestExecutionListener, org.springframework.boot.test.autoconfigure.web.client.MockRestServiceServerResetTestExecutionListener, org.springframework.boot.test.autoconfigure.web.servlet.MockMvcPrintOnlyOnFailureTestExecutionListener, org.springframework.boot.test.autoconfigure.web.servlet.WebDriverTestExecutionListener, org.springframework.boot.test.autoconfigure.webservices.client.MockWebServiceServerTestExecutionListener, org.springframework.boot.test.mock.mockito.MockitoTestExecutionListener, org.springframework.boot.test.mock.mockito.ResetMocksTestExecutionListener, org.springframework.test.context.web.ServletTestExecutionListener, org.springframework.test.context.support.DirtiesContextBeforeModesTestExecutionListener, org.springframework.test.context.event.ApplicationEventsTestExecutionListener, org.springframework.test.context.support.DependencyInjectionTestExecutionListener, org.springframework.test.context.support.DirtiesContextTestExecutionListener, org.springframework.test.context.transaction.TransactionalTestExecutionListener, org.springframework.test.context.jdbc.SqlScriptsTestExecutionListener, org.springframework.test.context.event.EventPublishingTestExecutionListener]
11:23:59.766 [Test worker] INFO org.springframework.boot.test.context.SpringBootTestContextBootstrapper - Using TestExecutionListeners: [org.springframework.test.context.web.ServletTestExecutionListener@3e5818b0, org.springframework.test.context.support.DirtiesContextBeforeModesTestExecutionListener@3ee21d0f, org.springframework.test.context.event.ApplicationEventsTestExecutionListener@3c48f8bc, org.springframework.boot.test.mock.mockito.MockitoTestExecutionListener@2abbae70, org.springframework.boot.test.autoconfigure.SpringBootDependencyInjectionTestExecutionListener@54d8be0f, org.springframework.test.context.support.DirtiesContextTestExecutionListener@7a7cdbfe, org.springframework.test.context.transaction.TransactionalTestExecutionListener@10a5115, org.springframework.test.context.jdbc.SqlScriptsTestExecutionListener@76b5b76a, org.springframework.security.test.context.support.WithSecurityContextTestExecutionListener@670c5775, org.springframework.test.context.event.EventPublishingTestExecutionListener@7bb3c341, org.springframework.security.test.context.support.ReactorContextTestExecutionListener@2862a7db, org.springframework.boot.test.autoconfigure.restdocs.RestDocsTestExecutionListener@73b75b5a, org.springframework.boot.test.autoconfigure.web.client.MockRestServiceServerResetTestExecutionListener@76851da6, org.springframework.boot.test.autoconfigure.web.servlet.MockMvcPrintOnlyOnFailureTestExecutionListener@134961fc, org.springframework.boot.test.autoconfigure.web.servlet.WebDriverTestExecutionListener@2ea85031, org.springframework.boot.test.autoconfigure.webservices.client.MockWebServiceServerTestExecutionListener@670cb335, org.springframework.boot.test.mock.mockito.ResetMocksTestExecutionListener@39baea5f]
11:23:59.781 [Test worker] DEBUG org.springframework.test.context.support.AbstractDirtiesContextTestExecutionListener - Before test class: context [DefaultTestContext@340ec6bc testClass = CommentCrudApplicationTests, testInstance = [null], testMethod = [null], testException = [null], mergedContextConfiguration = [WebMergedContextConfiguration@55a342f7 testClass = CommentCrudApplicationTests, locations = '{}', classes = '{class com.cognizant.commentcrud.CommentCrudApplication}', contextInitializerClasses = '[]', activeProfiles = '{}', propertySourceLocations = '{}', propertySourceProperties = '{org.springframework.boot.test.context.SpringBootTestContextBootstrapper=true}', contextCustomizers = set[org.springframework.boot.test.autoconfigure.actuate.metrics.MetricsExportContextCustomizerFactory$DisableMetricExportContextCustomizer@75d9810a, org.springframework.boot.test.autoconfigure.properties.PropertyMappingContextCustomizer@0, org.springframework.boot.test.autoconfigure.web.servlet.WebDriverContextCustomizerFactory$Customizer@cbec6e3, org.springframework.boot.test.context.filter.ExcludeFilterContextCustomizer@1755c00f, org.springframework.boot.test.json.DuplicateJsonObjectContextCustomizerFactory$DuplicateJsonObjectContextCustomizer@53a1d898, org.springframework.boot.test.mock.mockito.MockitoContextCustomizer@0, org.springframework.boot.test.web.client.TestRestTemplateContextCustomizer@45e4da84, org.springframework.boot.test.context.SpringBootTestArgs@1, org.springframework.boot.test.context.SpringBootTestWebEnvironment@76a2960f], resourceBasePath = 'src/main/webapp', contextLoader = 'org.springframework.boot.test.context.SpringBootContextLoader', parent = [null]], attributes = map['org.springframework.test.context.web.ServletTestExecutionListener.activateListener' -> true]], class annotated with @DirtiesContext [false] with mode [null].
11:23:59.969 [Test worker] DEBUG org.springframework.test.context.support.TestPropertySourceUtils - Adding inlined properties to environment: {spring.jmx.enabled=false, org.springframework.boot.test.context.SpringBootTestContextBootstrapper=true}

  .   ____          _            __ _ _
 /\\ / ___'_ __ _ _(_)_ __  __ _ \ \ \ \
( ( )\___ | '_ | '_| | '_ \/ _` | \ \ \ \
 \\/  ___)| |_)| | | | | || (_| |  ) ) ) )
  '  |____| .__|_| |_|_| |_\__, | / / / /
 =========|_|==============|___/=/_/_/_/
 :: Spring Boot ::                (v2.4.5)

2021-07-22 11:24:01.740  INFO 21516 --- [    Test worker] c.c.c.CommentCrudApplicationTests        : Starting CommentCrudApplicationTests using Java 11.0.7 on LTUS149728 with PID 21516 (started by 950413 in C:\Users\950413\OneDrive - Cognizant\Desktop\Enablement\comment-crud)
2021-07-22 11:24:01.744  INFO 21516 --- [    Test worker] c.c.c.CommentCrudApplicationTests        : The following profiles are active: local
2021-07-22 11:24:01.928  WARN 21516 --- [    Test worker] o.s.b.c.config.ConfigDataEnvironment     : Property 'spring.profiles' imported from location 'class path resource [application.yml]' is invalid and should be replaced with 'spring.config.activate.on-profile' [origin: class path resource [application.yml] - 20:13]
2021-07-22 11:24:01.928  WARN 21516 --- [    Test worker] o.s.b.c.config.ConfigDataEnvironment     : Property 'spring.profiles' imported from location 'class path resource [application.yml]' is invalid and should be replaced with 'spring.config.activate.on-profile' [origin: class path resource [application.yml] - 15:13]
2021-07-22 11:24:01.939  WARN 21516 --- [    Test worker] o.s.b.c.config.ConfigDataEnvironment     : Property 'spring.profiles' imported from location 'class path resource [application.yml]' is invalid and should be replaced with 'spring.config.activate.on-profile' [origin: class path resource [application.yml] - 9:13]
2021-07-22 11:24:05.268  INFO 21516 --- [    Test worker] .s.d.r.c.RepositoryConfigurationDelegate : Bootstrapping Spring Data JPA repositories in DEFAULT mode.
2021-07-22 11:24:05.586  INFO 21516 --- [    Test worker] .s.d.r.c.RepositoryConfigurationDelegate : Finished Spring Data repository scanning in 290 ms. Found 1 JPA repository interfaces.
2021-07-22 11:24:07.936  INFO 21516 --- [    Test worker] com.zaxxer.hikari.HikariDataSource       : HikariPool-1 - Starting...
2021-07-22 11:24:09.246  INFO 21516 --- [    Test worker] com.zaxxer.hikari.HikariDataSource       : HikariPool-1 - Start completed.
2021-07-22 11:24:09.554  INFO 21516 --- [    Test worker] o.hibernate.jpa.internal.util.LogHelper  : HHH000204: Processing PersistenceUnitInfo [name: default]
2021-07-22 11:24:09.852  INFO 21516 --- [    Test worker] org.hibernate.Version                    : HHH000412: Hibernate ORM core version 5.4.30.Final
2021-07-22 11:24:10.640  INFO 21516 --- [    Test worker] o.hibernate.annotations.common.Version   : HCANN000001: Hibernate Commons Annotations {5.1.2.Final}
2021-07-22 11:24:11.336  INFO 21516 --- [    Test worker] org.hibernate.dialect.Dialect            : HHH000400: Using dialect: org.hibernate.dialect.H2Dialect
2021-07-22 11:24:13.506  INFO 21516 --- [    Test worker] o.h.e.t.j.p.i.JtaPlatformInitiator       : HHH000490: Using JtaPlatform implementation: [org.hibernate.engine.transaction.jta.platform.internal.NoJtaPlatform]
2021-07-22 11:24:13.532  INFO 21516 --- [    Test worker] j.LocalContainerEntityManagerFactoryBean : Initialized JPA EntityManagerFactory for persistence unit 'default'
2021-07-22 11:24:13.695  WARN 21516 --- [    Test worker] JpaBaseConfiguration$JpaWebConfiguration : spring.jpa.open-in-view is enabled by default. Therefore, database queries may be performed during view rendering. Explicitly configure spring.jpa.open-in-view to disable this warning
2021-07-22 11:24:15.559  INFO 21516 --- [    Test worker] o.s.s.web.DefaultSecurityFilterChain     : Will secure any request with [org.springframework.security.web.context.request.async.WebAsyncManagerIntegrationFilter@52507402, org.springframework.security.web.context.SecurityContextPersistenceFilter@6693f8, org.springframework.security.web.header.HeaderWriterFilter@a0de0, org.keycloak.adapters.springsecurity.filter.KeycloakPreAuthActionsFilter@3ef3e278, org.keycloak.adapters.springsecurity.filter.KeycloakAuthenticationProcessingFilter@4ef742f8, org.springframework.security.web.authentication.logout.LogoutFilter@300e90ff, org.springframework.security.web.savedrequest.RequestCacheAwareFilter@49f1932f, org.springframework.security.web.servletapi.SecurityContextHolderAwareRequestFilter@1941ad92, org.keycloak.adapters.springsecurity.filter.KeycloakSecurityContextRequestFilter@4b3454f8, org.keycloak.adapters.springsecurity.filter.KeycloakAuthenticatedActionsFilter@51e37ec9, org.springframework.security.web.authentication.AnonymousAuthenticationFilter@4f4d6b20, org.springframework.security.web.session.SessionManagementFilter@4661ef59, org.springframework.security.web.access.ExceptionTranslationFilter@62ee2be2, org.springframework.security.web.access.intercept.FilterSecurityInterceptor@27f6b8ab]
2021-07-22 11:24:16.500  INFO 21516 --- [    Test worker] o.s.s.concurrent.ThreadPoolTaskExecutor  : Initializing ExecutorService 'applicationTaskExecutor'
2021-07-22 11:24:17.469  INFO 21516 --- [    Test worker] c.c.c.CommentCrudApplicationTests        : Started CommentCrudApplicationTests in 17.44 seconds (JVM running for 24.533)
]]></system-out>
  <system-err><![CDATA[]]></system-err>
</testsuite>
